2022-12-15 18:00:22,698 : DEBUG : base_trader.py:  start_trading : 10 : TrippleSMA_BTCUSDT_1m: start_trading: IN
2022-12-15 18:00:23,116 : DEBUG : base_trader.py:  get_most_recent : 31 : TrippleSMA_BTCUSDT_1m: get_most_recent: IN
2022-12-15 18:00:23,932 : DEBUG : base_trader.py:  get_most_recent : 49 : TrippleSMA_BTCUSDT_1m: get_most_recent: OUT
2022-12-15 18:00:23,933 : DEBUG : base_trader.py:  start_trading : 19 : TrippleSMA_BTCUSDT_1m: start_trading: OUT
2022-12-15 18:00:23,933 : DEBUG : base_trader.py:  start_trading : 10 : TrippleSMA_ETHUSDT_3m: start_trading: IN
2022-12-15 18:00:24,065 : DEBUG : base_trader.py:  get_most_recent : 31 : TrippleSMA_ETHUSDT_3m: get_most_recent: IN
2022-12-15 18:00:24,701 : DEBUG : base_trader.py:  get_most_recent : 49 : TrippleSMA_ETHUSDT_3m: get_most_recent: OUT
2022-12-15 18:00:24,702 : DEBUG : base_trader.py:  start_trading : 19 : TrippleSMA_ETHUSDT_3m: start_trading: OUT
2022-12-15 18:00:24,702 : DEBUG : base_trader.py:  start_trading : 10 : TrippleSMA_BNBUSDT_5m: start_trading: IN
2022-12-15 18:00:24,820 : DEBUG : base_trader.py:  get_most_recent : 31 : TrippleSMA_BNBUSDT_5m: get_most_recent: IN
2022-12-15 18:00:25,458 : DEBUG : base_trader.py:  get_most_recent : 49 : TrippleSMA_BNBUSDT_5m: get_most_recent: OUT
2022-12-15 18:00:25,458 : DEBUG : base_trader.py:  start_trading : 19 : TrippleSMA_BNBUSDT_5m: start_trading: OUT
2022-12-15 18:01:02,213 : DEBUG : triple_sma_cross_trader.py:  execute_trades : 58 : TrippleSMA_BTCUSDT_1m: execute_trades: IN
2022-12-15 18:01:02,214 : DEBUG : triple_sma_cross_trader.py:  execute_trades : 83 : TrippleSMA_BTCUSDT_1m: execute_trades: OUT
2022-12-15 18:02:01,174 : DEBUG : triple_sma_cross_trader.py:  execute_trades : 58 : TrippleSMA_BTCUSDT_1m: execute_trades: IN
2022-12-15 18:02:01,175 : DEBUG : triple_sma_cross_trader.py:  execute_trades : 83 : TrippleSMA_BTCUSDT_1m: execute_trades: OUT
2022-12-15 18:03:01,149 : DEBUG : triple_sma_cross_trader.py:  execute_trades : 58 : TrippleSMA_BTCUSDT_1m: execute_trades: IN
2022-12-15 18:03:01,149 : DEBUG : triple_sma_cross_trader.py:  execute_trades : 83 : TrippleSMA_BTCUSDT_1m: execute_trades: OUT
2022-12-15 18:03:01,585 : DEBUG : triple_sma_cross_trader.py:  execute_trades : 58 : TrippleSMA_ETHUSDT_3m: execute_trades: IN
2022-12-15 18:03:01,586 : DEBUG : triple_sma_cross_trader.py:  execute_trades : 83 : TrippleSMA_ETHUSDT_3m: execute_trades: OUT
2022-12-15 18:04:02,157 : DEBUG : triple_sma_cross_trader.py:  execute_trades : 58 : TrippleSMA_BTCUSDT_1m: execute_trades: IN
2022-12-15 18:04:02,157 : DEBUG : triple_sma_cross_trader.py:  execute_trades : 83 : TrippleSMA_BTCUSDT_1m: execute_trades: OUT
2022-12-15 18:05:02,165 : DEBUG : triple_sma_cross_trader.py:  execute_trades : 58 : TrippleSMA_BTCUSDT_1m: execute_trades: IN
2022-12-15 18:05:02,166 : DEBUG : triple_sma_cross_trader.py:  execute_trades : 83 : TrippleSMA_BTCUSDT_1m: execute_trades: OUT
2022-12-15 18:05:02,175 : DEBUG : triple_sma_cross_trader.py:  execute_trades : 58 : TrippleSMA_BNBUSDT_5m: execute_trades: IN
2022-12-15 18:05:02,175 : DEBUG : triple_sma_cross_trader.py:  execute_trades : 83 : TrippleSMA_BNBUSDT_5m: execute_trades: OUT
2022-12-15 18:06:01,623 : DEBUG : triple_sma_cross_trader.py:  execute_trades : 58 : TrippleSMA_BTCUSDT_1m: execute_trades: IN
2022-12-15 18:06:01,624 : DEBUG : triple_sma_cross_trader.py:  execute_trades : 83 : TrippleSMA_BTCUSDT_1m: execute_trades: OUT
2022-12-15 18:06:01,800 : DEBUG : triple_sma_cross_trader.py:  execute_trades : 58 : TrippleSMA_ETHUSDT_3m: execute_trades: IN
2022-12-15 18:06:01,801 : DEBUG : triple_sma_cross_trader.py:  execute_trades : 83 : TrippleSMA_ETHUSDT_3m: execute_trades: OUT
2022-12-15 18:07:00,416 : DEBUG : triple_sma_cross_trader.py:  execute_trades : 58 : TrippleSMA_BTCUSDT_1m: execute_trades: IN
2022-12-15 18:07:01,338 : INFO : base_trader.py:  report_trade : 99 : 

----------------------------------------------------------------------------------------------------
2022-12-15 18:07:01,338 : INFO : base_trader.py:  report_trade : 100 : 2022-12-15 11:07:00.637000 | GOING SHORT
2022-12-15 18:07:01,338 : INFO : base_trader.py:  report_trade : 101 : Trader = TrippleSMA_BTCUSDT_1m | Symbol = BTCUSDT | Base_Units = 2022-12-15 11:07:00.637000 | Quote_Units = 0.1 | Price = 1766.3 
2022-12-15 18:07:01,338 : INFO : base_trader.py:  report_trade : 102 : 2022-12-15 11:07:00.637000 | Profit = 0 | CumProfits = -0.70652 
2022-12-15 18:07:01,338 : INFO : base_trader.py:  report_trade : 103 : ----------------------------------------------------------------------------------------------------

2022-12-15 18:07:01,338 : DEBUG : triple_sma_cross_trader.py:  execute_trades : 83 : TrippleSMA_BTCUSDT_1m: execute_trades: OUT
2022-12-15 18:08:00,326 : DEBUG : triple_sma_cross_trader.py:  execute_trades : 58 : TrippleSMA_BTCUSDT_1m: execute_trades: IN
2022-12-15 18:08:00,327 : DEBUG : triple_sma_cross_trader.py:  execute_trades : 83 : TrippleSMA_BTCUSDT_1m: execute_trades: OUT
2022-12-15 18:09:02,149 : DEBUG : triple_sma_cross_trader.py:  execute_trades : 58 : TrippleSMA_ETHUSDT_3m: execute_trades: IN
2022-12-15 18:09:02,149 : DEBUG : triple_sma_cross_trader.py:  execute_trades : 83 : TrippleSMA_ETHUSDT_3m: execute_trades: OUT
2022-12-15 18:09:02,159 : DEBUG : triple_sma_cross_trader.py:  execute_trades : 58 : TrippleSMA_BTCUSDT_1m: execute_trades: IN
2022-12-15 18:09:02,159 : DEBUG : triple_sma_cross_trader.py:  execute_trades : 83 : TrippleSMA_BTCUSDT_1m: execute_trades: OUT
2022-12-15 18:10:02,271 : DEBUG : triple_sma_cross_trader.py:  execute_trades : 58 : TrippleSMA_BNBUSDT_5m: execute_trades: IN
2022-12-15 18:10:02,272 : DEBUG : triple_sma_cross_trader.py:  execute_trades : 83 : TrippleSMA_BNBUSDT_5m: execute_trades: OUT
2022-12-15 18:10:02,342 : DEBUG : triple_sma_cross_trader.py:  execute_trades : 58 : TrippleSMA_BTCUSDT_1m: execute_trades: IN
2022-12-15 18:10:03,105 : INFO : base_trader.py:  report_trade : 99 : 

----------------------------------------------------------------------------------------------------
2022-12-15 18:10:03,105 : INFO : base_trader.py:  report_trade : 100 : 2022-12-15 11:10:02.589000 | GOING NEUTRAL
2022-12-15 18:10:03,105 : INFO : base_trader.py:  report_trade : 101 : Trader = TrippleSMA_BTCUSDT_1m | Symbol = BTCUSDT | Base_Units = 2022-12-15 11:10:02.589000 | Quote_Units = 0.1 | Price = 1766.9 
2022-12-15 18:10:03,105 : INFO : base_trader.py:  report_trade : 102 : 2022-12-15 11:10:02.589000 | Profit = -0.6 | CumProfits = -2.01328 
2022-12-15 18:10:03,105 : INFO : base_trader.py:  report_trade : 103 : ----------------------------------------------------------------------------------------------------

2022-12-15 18:10:03,106 : DEBUG : triple_sma_cross_trader.py:  execute_trades : 83 : TrippleSMA_BTCUSDT_1m: execute_trades: OUT
2022-12-15 18:11:01,981 : DEBUG : triple_sma_cross_trader.py:  execute_trades : 58 : TrippleSMA_BTCUSDT_1m: execute_trades: IN
2022-12-15 18:11:01,982 : DEBUG : triple_sma_cross_trader.py:  execute_trades : 83 : TrippleSMA_BTCUSDT_1m: execute_trades: OUT
2022-12-15 18:12:00,710 : DEBUG : triple_sma_cross_trader.py:  execute_trades : 58 : TrippleSMA_ETHUSDT_3m: execute_trades: IN
2022-12-15 18:12:00,710 : DEBUG : triple_sma_cross_trader.py:  execute_trades : 83 : TrippleSMA_ETHUSDT_3m: execute_trades: OUT
2022-12-15 18:12:02,155 : DEBUG : triple_sma_cross_trader.py:  execute_trades : 58 : TrippleSMA_BTCUSDT_1m: execute_trades: IN
2022-12-15 18:12:02,155 : DEBUG : triple_sma_cross_trader.py:  execute_trades : 83 : TrippleSMA_BTCUSDT_1m: execute_trades: OUT
2022-12-15 18:13:02,151 : DEBUG : triple_sma_cross_trader.py:  execute_trades : 58 : TrippleSMA_BTCUSDT_1m: execute_trades: IN
2022-12-15 18:13:02,152 : DEBUG : triple_sma_cross_trader.py:  execute_trades : 83 : TrippleSMA_BTCUSDT_1m: execute_trades: OUT
2022-12-15 18:14:00,823 : DEBUG : triple_sma_cross_trader.py:  execute_trades : 58 : TrippleSMA_BTCUSDT_1m: execute_trades: IN
2022-12-15 18:14:00,824 : DEBUG : triple_sma_cross_trader.py:  execute_trades : 83 : TrippleSMA_BTCUSDT_1m: execute_trades: OUT
2022-12-15 18:15:00,680 : DEBUG : triple_sma_cross_trader.py:  execute_trades : 58 : TrippleSMA_BTCUSDT_1m: execute_trades: IN
2022-12-15 18:15:00,680 : DEBUG : triple_sma_cross_trader.py:  execute_trades : 83 : TrippleSMA_BTCUSDT_1m: execute_trades: OUT
2022-12-15 18:15:01,355 : DEBUG : triple_sma_cross_trader.py:  execute_trades : 58 : TrippleSMA_ETHUSDT_3m: execute_trades: IN
2022-12-15 18:15:02,548 : INFO : base_trader.py:  report_trade : 99 : 

----------------------------------------------------------------------------------------------------
2022-12-15 18:15:02,548 : INFO : base_trader.py:  report_trade : 100 : 2022-12-15 11:15:01.956000 | GOING LONG
2022-12-15 18:15:02,548 : INFO : base_trader.py:  report_trade : 101 : Trader = TrippleSMA_ETHUSDT_3m | Symbol = ETHUSDT | Base_Units = 2022-12-15 11:15:01.956000 | Quote_Units = 1 | Price = 1286.23 
2022-12-15 18:15:02,548 : INFO : base_trader.py:  report_trade : 102 : 2022-12-15 11:15:01.956000 | Profit = 0 | CumProfits = -0.51449 
2022-12-15 18:15:02,548 : INFO : base_trader.py:  report_trade : 103 : ----------------------------------------------------------------------------------------------------

2022-12-15 18:15:02,548 : DEBUG : triple_sma_cross_trader.py:  execute_trades : 83 : TrippleSMA_ETHUSDT_3m: execute_trades: OUT
2022-12-15 18:15:02,578 : DEBUG : triple_sma_cross_trader.py:  execute_trades : 58 : TrippleSMA_BNBUSDT_5m: execute_trades: IN
2022-12-15 18:15:02,579 : DEBUG : triple_sma_cross_trader.py:  execute_trades : 83 : TrippleSMA_BNBUSDT_5m: execute_trades: OUT
2022-12-15 18:16:00,513 : DEBUG : triple_sma_cross_trader.py:  execute_trades : 58 : TrippleSMA_BTCUSDT_1m: execute_trades: IN
2022-12-15 18:16:00,513 : DEBUG : triple_sma_cross_trader.py:  execute_trades : 83 : TrippleSMA_BTCUSDT_1m: execute_trades: OUT
2022-12-15 18:17:02,147 : DEBUG : triple_sma_cross_trader.py:  execute_trades : 58 : TrippleSMA_BTCUSDT_1m: execute_trades: IN
2022-12-15 18:17:02,147 : DEBUG : triple_sma_cross_trader.py:  execute_trades : 83 : TrippleSMA_BTCUSDT_1m: execute_trades: OUT
2022-12-15 18:18:01,678 : DEBUG : triple_sma_cross_trader.py:  execute_trades : 58 : TrippleSMA_ETHUSDT_3m: execute_trades: IN
2022-12-15 18:18:01,679 : DEBUG : triple_sma_cross_trader.py:  execute_trades : 83 : TrippleSMA_ETHUSDT_3m: execute_trades: OUT
2022-12-15 18:18:01,879 : DEBUG : triple_sma_cross_trader.py:  execute_trades : 58 : TrippleSMA_BTCUSDT_1m: execute_trades: IN
2022-12-15 18:18:01,879 : DEBUG : triple_sma_cross_trader.py:  execute_trades : 83 : TrippleSMA_BTCUSDT_1m: execute_trades: OUT
2022-12-15 18:19:01,846 : DEBUG : triple_sma_cross_trader.py:  execute_trades : 58 : TrippleSMA_BTCUSDT_1m: execute_trades: IN
2022-12-15 18:19:01,847 : DEBUG : triple_sma_cross_trader.py:  execute_trades : 83 : TrippleSMA_BTCUSDT_1m: execute_trades: OUT
2022-12-15 18:20:02,150 : DEBUG : triple_sma_cross_trader.py:  execute_trades : 58 : TrippleSMA_BNBUSDT_5m: execute_trades: IN
2022-12-15 18:20:02,151 : DEBUG : triple_sma_cross_trader.py:  execute_trades : 83 : TrippleSMA_BNBUSDT_5m: execute_trades: OUT
2022-12-15 18:20:02,197 : DEBUG : triple_sma_cross_trader.py:  execute_trades : 58 : TrippleSMA_BTCUSDT_1m: execute_trades: IN
2022-12-15 18:20:02,197 : DEBUG : triple_sma_cross_trader.py:  execute_trades : 83 : TrippleSMA_BTCUSDT_1m: execute_trades: OUT
2022-12-15 18:21:01,853 : DEBUG : triple_sma_cross_trader.py:  execute_trades : 58 : TrippleSMA_ETHUSDT_3m: execute_trades: IN
2022-12-15 18:21:01,854 : DEBUG : triple_sma_cross_trader.py:  execute_trades : 83 : TrippleSMA_ETHUSDT_3m: execute_trades: OUT
2022-12-15 18:21:02,151 : DEBUG : triple_sma_cross_trader.py:  execute_trades : 58 : TrippleSMA_BTCUSDT_1m: execute_trades: IN
2022-12-15 18:21:02,151 : DEBUG : triple_sma_cross_trader.py:  execute_trades : 83 : TrippleSMA_BTCUSDT_1m: execute_trades: OUT
2022-12-15 18:22:02,143 : DEBUG : triple_sma_cross_trader.py:  execute_trades : 58 : TrippleSMA_BTCUSDT_1m: execute_trades: IN
2022-12-15 18:22:02,143 : DEBUG : triple_sma_cross_trader.py:  execute_trades : 83 : TrippleSMA_BTCUSDT_1m: execute_trades: OUT
2022-12-15 18:23:02,143 : DEBUG : triple_sma_cross_trader.py:  execute_trades : 58 : TrippleSMA_BTCUSDT_1m: execute_trades: IN
2022-12-15 18:23:02,964 : INFO : base_trader.py:  report_trade : 99 : 

----------------------------------------------------------------------------------------------------
2022-12-15 18:23:02,964 : INFO : base_trader.py:  report_trade : 100 : 2022-12-15 11:23:02.562000 | GOING LONG
2022-12-15 18:23:02,965 : INFO : base_trader.py:  report_trade : 101 : Trader = TrippleSMA_BTCUSDT_1m | Symbol = BTCUSDT | Base_Units = 2022-12-15 11:23:02.562000 | Quote_Units = 0.1 | Price = 1766.81 
2022-12-15 18:23:02,965 : INFO : base_trader.py:  report_trade : 102 : 2022-12-15 11:23:02.562000 | Profit = 0 | CumProfits = -2.7199999999999998 
2022-12-15 18:23:02,965 : INFO : base_trader.py:  report_trade : 103 : ----------------------------------------------------------------------------------------------------

2022-12-15 18:23:02,965 : DEBUG : triple_sma_cross_trader.py:  execute_trades : 83 : TrippleSMA_BTCUSDT_1m: execute_trades: OUT
2022-12-15 18:24:01,099 : DEBUG : triple_sma_cross_trader.py:  execute_trades : 58 : TrippleSMA_BTCUSDT_1m: execute_trades: IN
2022-12-15 18:24:01,099 : DEBUG : triple_sma_cross_trader.py:  execute_trades : 83 : TrippleSMA_BTCUSDT_1m: execute_trades: OUT
2022-12-15 18:24:01,572 : DEBUG : triple_sma_cross_trader.py:  execute_trades : 58 : TrippleSMA_ETHUSDT_3m: execute_trades: IN
2022-12-15 18:24:01,572 : DEBUG : triple_sma_cross_trader.py:  execute_trades : 83 : TrippleSMA_ETHUSDT_3m: execute_trades: OUT
2022-12-15 18:25:01,471 : DEBUG : triple_sma_cross_trader.py:  execute_trades : 58 : TrippleSMA_BTCUSDT_1m: execute_trades: IN
2022-12-15 18:25:01,471 : DEBUG : triple_sma_cross_trader.py:  execute_trades : 83 : TrippleSMA_BTCUSDT_1m: execute_trades: OUT
2022-12-15 18:25:02,155 : DEBUG : triple_sma_cross_trader.py:  execute_trades : 58 : TrippleSMA_BNBUSDT_5m: execute_trades: IN
2022-12-15 18:25:02,156 : DEBUG : triple_sma_cross_trader.py:  execute_trades : 83 : TrippleSMA_BNBUSDT_5m: execute_trades: OUT
2022-12-15 18:26:01,858 : DEBUG : triple_sma_cross_trader.py:  execute_trades : 58 : TrippleSMA_BTCUSDT_1m: execute_trades: IN
2022-12-15 18:26:01,858 : DEBUG : triple_sma_cross_trader.py:  execute_trades : 83 : TrippleSMA_BTCUSDT_1m: execute_trades: OUT
2022-12-15 18:27:00,191 : DEBUG : triple_sma_cross_trader.py:  execute_trades : 58 : TrippleSMA_BTCUSDT_1m: execute_trades: IN
2022-12-15 18:27:00,191 : DEBUG : triple_sma_cross_trader.py:  execute_trades : 83 : TrippleSMA_BTCUSDT_1m: execute_trades: OUT
2022-12-15 18:27:02,149 : DEBUG : triple_sma_cross_trader.py:  execute_trades : 58 : TrippleSMA_ETHUSDT_3m: execute_trades: IN
2022-12-15 18:27:02,150 : DEBUG : triple_sma_cross_trader.py:  execute_trades : 83 : TrippleSMA_ETHUSDT_3m: execute_trades: OUT
2022-12-15 18:28:02,155 : DEBUG : triple_sma_cross_trader.py:  execute_trades : 58 : TrippleSMA_BTCUSDT_1m: execute_trades: IN
2022-12-15 18:28:02,155 : DEBUG : triple_sma_cross_trader.py:  execute_trades : 83 : TrippleSMA_BTCUSDT_1m: execute_trades: OUT
2022-12-15 18:29:00,238 : DEBUG : triple_sma_cross_trader.py:  execute_trades : 58 : TrippleSMA_BTCUSDT_1m: execute_trades: IN
2022-12-15 18:29:00,239 : DEBUG : triple_sma_cross_trader.py:  execute_trades : 83 : TrippleSMA_BTCUSDT_1m: execute_trades: OUT
2022-12-15 18:30:02,166 : DEBUG : triple_sma_cross_trader.py:  execute_trades : 58 : TrippleSMA_ETHUSDT_3m: execute_trades: IN
2022-12-15 18:30:02,166 : DEBUG : triple_sma_cross_trader.py:  execute_trades : 83 : TrippleSMA_ETHUSDT_3m: execute_trades: OUT
2022-12-15 18:30:02,179 : DEBUG : triple_sma_cross_trader.py:  execute_trades : 58 : TrippleSMA_BNBUSDT_5m: execute_trades: IN
2022-12-15 18:30:02,180 : DEBUG : triple_sma_cross_trader.py:  execute_trades : 83 : TrippleSMA_BNBUSDT_5m: execute_trades: OUT
2022-12-15 18:30:02,193 : DEBUG : triple_sma_cross_trader.py:  execute_trades : 58 : TrippleSMA_BTCUSDT_1m: execute_trades: IN
2022-12-15 18:30:02,193 : DEBUG : triple_sma_cross_trader.py:  execute_trades : 83 : TrippleSMA_BTCUSDT_1m: execute_trades: OUT
2022-12-15 18:31:00,595 : DEBUG : triple_sma_cross_trader.py:  execute_trades : 58 : TrippleSMA_BTCUSDT_1m: execute_trades: IN
2022-12-15 18:31:00,596 : DEBUG : triple_sma_cross_trader.py:  execute_trades : 83 : TrippleSMA_BTCUSDT_1m: execute_trades: OUT
2022-12-15 18:32:01,863 : DEBUG : triple_sma_cross_trader.py:  execute_trades : 58 : TrippleSMA_BTCUSDT_1m: execute_trades: IN
2022-12-15 18:32:01,863 : DEBUG : triple_sma_cross_trader.py:  execute_trades : 83 : TrippleSMA_BTCUSDT_1m: execute_trades: OUT
2022-12-15 18:33:00,314 : DEBUG : triple_sma_cross_trader.py:  execute_trades : 58 : TrippleSMA_ETHUSDT_3m: execute_trades: IN
2022-12-15 18:33:00,314 : DEBUG : triple_sma_cross_trader.py:  execute_trades : 83 : TrippleSMA_ETHUSDT_3m: execute_trades: OUT
2022-12-15 18:33:02,188 : DEBUG : triple_sma_cross_trader.py:  execute_trades : 58 : TrippleSMA_BTCUSDT_1m: execute_trades: IN
2022-12-15 18:33:02,188 : DEBUG : triple_sma_cross_trader.py:  execute_trades : 83 : TrippleSMA_BTCUSDT_1m: execute_trades: OUT
2022-12-15 18:34:00,168 : DEBUG : triple_sma_cross_trader.py:  execute_trades : 58 : TrippleSMA_BTCUSDT_1m: execute_trades: IN
2022-12-15 18:34:00,168 : DEBUG : triple_sma_cross_trader.py:  execute_trades : 83 : TrippleSMA_BTCUSDT_1m: execute_trades: OUT
2022-12-15 18:35:01,197 : DEBUG : triple_sma_cross_trader.py:  execute_trades : 58 : TrippleSMA_BTCUSDT_1m: execute_trades: IN
2022-12-15 18:35:01,197 : DEBUG : triple_sma_cross_trader.py:  execute_trades : 83 : TrippleSMA_BTCUSDT_1m: execute_trades: OUT
2022-12-15 18:35:01,677 : DEBUG : triple_sma_cross_trader.py:  execute_trades : 58 : TrippleSMA_BNBUSDT_5m: execute_trades: IN
2022-12-15 18:35:01,678 : DEBUG : triple_sma_cross_trader.py:  execute_trades : 83 : TrippleSMA_BNBUSDT_5m: execute_trades: OUT
2022-12-15 18:36:01,329 : DEBUG : triple_sma_cross_trader.py:  execute_trades : 58 : TrippleSMA_ETHUSDT_3m: execute_trades: IN
2022-12-15 18:36:01,330 : DEBUG : triple_sma_cross_trader.py:  execute_trades : 83 : TrippleSMA_ETHUSDT_3m: execute_trades: OUT
2022-12-15 18:36:02,167 : DEBUG : triple_sma_cross_trader.py:  execute_trades : 58 : TrippleSMA_BTCUSDT_1m: execute_trades: IN
2022-12-15 18:36:02,167 : DEBUG : triple_sma_cross_trader.py:  execute_trades : 83 : TrippleSMA_BTCUSDT_1m: execute_trades: OUT
2022-12-15 18:37:02,153 : DEBUG : triple_sma_cross_trader.py:  execute_trades : 58 : TrippleSMA_BTCUSDT_1m: execute_trades: IN
2022-12-15 18:37:02,153 : DEBUG : triple_sma_cross_trader.py:  execute_trades : 83 : TrippleSMA_BTCUSDT_1m: execute_trades: OUT
2022-12-15 18:38:02,171 : DEBUG : triple_sma_cross_trader.py:  execute_trades : 58 : TrippleSMA_BTCUSDT_1m: execute_trades: IN
2022-12-15 18:38:02,171 : DEBUG : triple_sma_cross_trader.py:  execute_trades : 83 : TrippleSMA_BTCUSDT_1m: execute_trades: OUT
2022-12-15 18:39:00,618 : DEBUG : triple_sma_cross_trader.py:  execute_trades : 58 : TrippleSMA_BTCUSDT_1m: execute_trades: IN
2022-12-15 18:39:00,618 : DEBUG : triple_sma_cross_trader.py:  execute_trades : 83 : TrippleSMA_BTCUSDT_1m: execute_trades: OUT
2022-12-15 18:39:02,158 : DEBUG : triple_sma_cross_trader.py:  execute_trades : 58 : TrippleSMA_ETHUSDT_3m: execute_trades: IN
2022-12-15 18:39:02,158 : DEBUG : triple_sma_cross_trader.py:  execute_trades : 83 : TrippleSMA_ETHUSDT_3m: execute_trades: OUT
2022-12-15 18:40:00,427 : DEBUG : triple_sma_cross_trader.py:  execute_trades : 58 : TrippleSMA_BTCUSDT_1m: execute_trades: IN
2022-12-15 18:40:00,427 : DEBUG : triple_sma_cross_trader.py:  execute_trades : 83 : TrippleSMA_BTCUSDT_1m: execute_trades: OUT
2022-12-15 18:40:02,167 : DEBUG : triple_sma_cross_trader.py:  execute_trades : 58 : TrippleSMA_BNBUSDT_5m: execute_trades: IN
2022-12-15 18:40:03,512 : INFO : base_trader.py:  report_trade : 99 : 

----------------------------------------------------------------------------------------------------
2022-12-15 18:40:03,512 : INFO : base_trader.py:  report_trade : 100 : 2022-12-15 11:40:02.925000 | GOING SHORT
2022-12-15 18:40:03,512 : INFO : base_trader.py:  report_trade : 101 : Trader = TrippleSMA_BNBUSDT_5m | Symbol = BNBUSDT | Base_Units = 2022-12-15 11:40:02.925000 | Quote_Units = 10 | Price = 2647.5 
2022-12-15 18:40:03,512 : INFO : base_trader.py:  report_trade : 102 : 2022-12-15 11:40:02.925000 | Profit = 0 | CumProfits = -1.059 
2022-12-15 18:40:03,512 : INFO : base_trader.py:  report_trade : 103 : ----------------------------------------------------------------------------------------------------

2022-12-15 18:40:03,513 : DEBUG : triple_sma_cross_trader.py:  execute_trades : 83 : TrippleSMA_BNBUSDT_5m: execute_trades: OUT
2022-12-15 18:41:00,252 : DEBUG : triple_sma_cross_trader.py:  execute_trades : 58 : TrippleSMA_BTCUSDT_1m: execute_trades: IN
2022-12-15 18:41:00,252 : DEBUG : triple_sma_cross_trader.py:  execute_trades : 83 : TrippleSMA_BTCUSDT_1m: execute_trades: OUT
2022-12-15 18:42:01,914 : DEBUG : triple_sma_cross_trader.py:  execute_trades : 58 : TrippleSMA_BTCUSDT_1m: execute_trades: IN
2022-12-15 18:42:01,914 : DEBUG : triple_sma_cross_trader.py:  execute_trades : 83 : TrippleSMA_BTCUSDT_1m: execute_trades: OUT
2022-12-15 18:42:02,164 : DEBUG : triple_sma_cross_trader.py:  execute_trades : 58 : TrippleSMA_ETHUSDT_3m: execute_trades: IN
2022-12-15 18:42:02,164 : DEBUG : triple_sma_cross_trader.py:  execute_trades : 83 : TrippleSMA_ETHUSDT_3m: execute_trades: OUT
2022-12-15 18:43:02,161 : DEBUG : triple_sma_cross_trader.py:  execute_trades : 58 : TrippleSMA_BTCUSDT_1m: execute_trades: IN
2022-12-15 18:43:02,162 : DEBUG : triple_sma_cross_trader.py:  execute_trades : 83 : TrippleSMA_BTCUSDT_1m: execute_trades: OUT
2022-12-15 18:44:02,173 : DEBUG : triple_sma_cross_trader.py:  execute_trades : 58 : TrippleSMA_BTCUSDT_1m: execute_trades: IN
2022-12-15 18:44:02,716 : INFO : base_trader.py:  report_trade : 99 : 

----------------------------------------------------------------------------------------------------
2022-12-15 18:44:02,716 : INFO : base_trader.py:  report_trade : 100 : 2022-12-15 11:44:02.198000 | GOING NEUTRAL
2022-12-15 18:44:02,716 : INFO : base_trader.py:  report_trade : 101 : Trader = TrippleSMA_BTCUSDT_1m | Symbol = BTCUSDT | Base_Units = 2022-12-15 11:44:02.198000 | Quote_Units = 0.1 | Price = 1769.11 
2022-12-15 18:44:02,716 : INFO : base_trader.py:  report_trade : 102 : 2022-12-15 11:44:02.198000 | Profit = 2.3 | CumProfits = -1.1276399999999998 
2022-12-15 18:44:02,716 : INFO : base_trader.py:  report_trade : 103 : ----------------------------------------------------------------------------------------------------

2022-12-15 18:44:02,716 : DEBUG : triple_sma_cross_trader.py:  execute_trades : 83 : TrippleSMA_BTCUSDT_1m: execute_trades: OUT
2022-12-15 18:45:02,179 : DEBUG : triple_sma_cross_trader.py:  execute_trades : 58 : TrippleSMA_ETHUSDT_3m: execute_trades: IN
2022-12-15 18:45:02,180 : DEBUG : triple_sma_cross_trader.py:  execute_trades : 83 : TrippleSMA_ETHUSDT_3m: execute_trades: OUT
2022-12-15 18:45:02,191 : DEBUG : triple_sma_cross_trader.py:  execute_trades : 58 : TrippleSMA_BNBUSDT_5m: execute_trades: IN
2022-12-15 18:45:02,191 : DEBUG : triple_sma_cross_trader.py:  execute_trades : 83 : TrippleSMA_BNBUSDT_5m: execute_trades: OUT
2022-12-15 18:45:02,203 : DEBUG : triple_sma_cross_trader.py:  execute_trades : 58 : TrippleSMA_BTCUSDT_1m: execute_trades: IN
2022-12-15 18:45:02,203 : DEBUG : triple_sma_cross_trader.py:  execute_trades : 83 : TrippleSMA_BTCUSDT_1m: execute_trades: OUT
2022-12-15 18:46:00,176 : DEBUG : triple_sma_cross_trader.py:  execute_trades : 58 : TrippleSMA_BTCUSDT_1m: execute_trades: IN
2022-12-15 18:46:00,176 : DEBUG : triple_sma_cross_trader.py:  execute_trades : 83 : TrippleSMA_BTCUSDT_1m: execute_trades: OUT
2022-12-15 18:47:02,165 : DEBUG : triple_sma_cross_trader.py:  execute_trades : 58 : TrippleSMA_BTCUSDT_1m: execute_trades: IN
2022-12-15 18:47:02,165 : DEBUG : triple_sma_cross_trader.py:  execute_trades : 83 : TrippleSMA_BTCUSDT_1m: execute_trades: OUT
2022-12-15 18:48:02,155 : DEBUG : triple_sma_cross_trader.py:  execute_trades : 58 : TrippleSMA_ETHUSDT_3m: execute_trades: IN
2022-12-15 18:48:02,156 : DEBUG : triple_sma_cross_trader.py:  execute_trades : 83 : TrippleSMA_ETHUSDT_3m: execute_trades: OUT
2022-12-15 18:48:02,209 : DEBUG : triple_sma_cross_trader.py:  execute_trades : 58 : TrippleSMA_BTCUSDT_1m: execute_trades: IN
2022-12-15 18:48:02,209 : DEBUG : triple_sma_cross_trader.py:  execute_trades : 83 : TrippleSMA_BTCUSDT_1m: execute_trades: OUT
2022-12-15 18:49:02,214 : DEBUG : triple_sma_cross_trader.py:  execute_trades : 58 : TrippleSMA_BTCUSDT_1m: execute_trades: IN
2022-12-15 18:49:02,214 : DEBUG : triple_sma_cross_trader.py:  execute_trades : 83 : TrippleSMA_BTCUSDT_1m: execute_trades: OUT
2022-12-15 18:50:00,428 : DEBUG : triple_sma_cross_trader.py:  execute_trades : 58 : TrippleSMA_BTCUSDT_1m: execute_trades: IN
2022-12-15 18:50:00,428 : DEBUG : triple_sma_cross_trader.py:  execute_trades : 83 : TrippleSMA_BTCUSDT_1m: execute_trades: OUT
2022-12-15 18:50:02,166 : DEBUG : triple_sma_cross_trader.py:  execute_trades : 58 : TrippleSMA_BNBUSDT_5m: execute_trades: IN
2022-12-15 18:50:02,167 : DEBUG : triple_sma_cross_trader.py:  execute_trades : 83 : TrippleSMA_BNBUSDT_5m: execute_trades: OUT
2022-12-15 18:51:00,403 : DEBUG : triple_sma_cross_trader.py:  execute_trades : 58 : TrippleSMA_BTCUSDT_1m: execute_trades: IN
2022-12-15 18:51:00,403 : DEBUG : triple_sma_cross_trader.py:  execute_trades : 83 : TrippleSMA_BTCUSDT_1m: execute_trades: OUT
2022-12-15 18:51:01,587 : DEBUG : triple_sma_cross_trader.py:  execute_trades : 58 : TrippleSMA_ETHUSDT_3m: execute_trades: IN
2022-12-15 18:51:01,587 : DEBUG : triple_sma_cross_trader.py:  execute_trades : 83 : TrippleSMA_ETHUSDT_3m: execute_trades: OUT
2022-12-15 18:52:00,752 : DEBUG : triple_sma_cross_trader.py:  execute_trades : 58 : TrippleSMA_BTCUSDT_1m: execute_trades: IN
2022-12-15 18:52:00,753 : DEBUG : triple_sma_cross_trader.py:  execute_trades : 83 : TrippleSMA_BTCUSDT_1m: execute_trades: OUT
2022-12-15 18:53:02,169 : DEBUG : triple_sma_cross_trader.py:  execute_trades : 58 : TrippleSMA_BTCUSDT_1m: execute_trades: IN
2022-12-15 18:53:02,170 : DEBUG : triple_sma_cross_trader.py:  execute_trades : 83 : TrippleSMA_BTCUSDT_1m: execute_trades: OUT
2022-12-15 18:54:00,836 : DEBUG : triple_sma_cross_trader.py:  execute_trades : 58 : TrippleSMA_BTCUSDT_1m: execute_trades: IN
2022-12-15 18:54:10,864 : DEBUG : triple_sma_cross_trader.py:  execute_trades : 58 : TrippleSMA_ETHUSDT_3m: execute_trades: IN
2022-12-15 18:54:10,864 : DEBUG : triple_sma_cross_trader.py:  execute_trades : 83 : TrippleSMA_ETHUSDT_3m: execute_trades: OUT
2022-12-15 18:55:02,176 : DEBUG : triple_sma_cross_trader.py:  execute_trades : 58 : TrippleSMA_BNBUSDT_5m: execute_trades: IN
2022-12-15 18:55:02,879 : INFO : base_trader.py:  report_trade : 99 : 

----------------------------------------------------------------------------------------------------
2022-12-15 18:55:02,880 : INFO : base_trader.py:  report_trade : 100 : 2022-12-15 11:55:02.332000 | GOING NEUTRAL
2022-12-15 18:55:02,880 : INFO : base_trader.py:  report_trade : 101 : Trader = TrippleSMA_BNBUSDT_5m | Symbol = BNBUSDT | Base_Units = 2022-12-15 11:55:02.332000 | Quote_Units = 10 | Price = 2652.42 
2022-12-15 18:55:02,880 : INFO : base_trader.py:  report_trade : 102 : 2022-12-15 11:55:02.332000 | Profit = -4.92 | CumProfits = -7.03997 
2022-12-15 18:55:02,880 : INFO : base_trader.py:  report_trade : 103 : ----------------------------------------------------------------------------------------------------

2022-12-15 18:55:02,880 : DEBUG : triple_sma_cross_trader.py:  execute_trades : 83 : TrippleSMA_BNBUSDT_5m: execute_trades: OUT
2022-12-15 18:57:02,154 : DEBUG : triple_sma_cross_trader.py:  execute_trades : 58 : TrippleSMA_ETHUSDT_3m: execute_trades: IN
2022-12-15 18:57:02,154 : DEBUG : triple_sma_cross_trader.py:  execute_trades : 83 : TrippleSMA_ETHUSDT_3m: execute_trades: OUT
2022-12-15 19:00:01,721 : DEBUG : triple_sma_cross_trader.py:  execute_trades : 58 : TrippleSMA_ETHUSDT_3m: execute_trades: IN
2022-12-15 19:00:01,722 : DEBUG : triple_sma_cross_trader.py:  execute_trades : 83 : TrippleSMA_ETHUSDT_3m: execute_trades: OUT
2022-12-15 19:00:02,239 : DEBUG : triple_sma_cross_trader.py:  execute_trades : 58 : TrippleSMA_BNBUSDT_5m: execute_trades: IN
2022-12-15 19:00:04,031 : INFO : base_trader.py:  report_trade : 99 : 

----------------------------------------------------------------------------------------------------
2022-12-15 19:00:04,031 : INFO : base_trader.py:  report_trade : 100 : 2022-12-15 12:00:03.656000 | GOING SHORT
2022-12-15 19:00:04,031 : INFO : base_trader.py:  report_trade : 101 : Trader = TrippleSMA_BNBUSDT_5m | Symbol = BNBUSDT | Base_Units = 2022-12-15 12:00:03.656000 | Quote_Units = 10 | Price = 2651.7 
2022-12-15 19:00:04,031 : INFO : base_trader.py:  report_trade : 102 : 2022-12-15 12:00:03.656000 | Profit = 0 | CumProfits = -8.10065 
2022-12-15 19:00:04,031 : INFO : base_trader.py:  report_trade : 103 : ----------------------------------------------------------------------------------------------------

2022-12-15 19:00:04,032 : DEBUG : triple_sma_cross_trader.py:  execute_trades : 83 : TrippleSMA_BNBUSDT_5m: execute_trades: OUT
2022-12-15 19:03:02,152 : DEBUG : triple_sma_cross_trader.py:  execute_trades : 58 : TrippleSMA_ETHUSDT_3m: execute_trades: IN
2022-12-15 19:03:02,152 : DEBUG : triple_sma_cross_trader.py:  execute_trades : 83 : TrippleSMA_ETHUSDT_3m: execute_trades: OUT
2022-12-15 19:05:02,492 : DEBUG : triple_sma_cross_trader.py:  execute_trades : 58 : TrippleSMA_BNBUSDT_5m: execute_trades: IN
2022-12-15 19:05:03,566 : INFO : base_trader.py:  report_trade : 99 : 

----------------------------------------------------------------------------------------------------
2022-12-15 19:05:03,567 : INFO : base_trader.py:  report_trade : 100 : 2022-12-15 12:05:03.026000 | GOING NEUTRAL
2022-12-15 19:05:03,567 : INFO : base_trader.py:  report_trade : 101 : Trader = TrippleSMA_BNBUSDT_5m | Symbol = BNBUSDT | Base_Units = 2022-12-15 12:05:03.026000 | Quote_Units = 10 | Price = 2657.02 
2022-12-15 19:05:03,567 : INFO : base_trader.py:  report_trade : 102 : 2022-12-15 12:05:03.026000 | Profit = -5.32 | CumProfits = -14.483460000000001 
2022-12-15 19:05:03,567 : INFO : base_trader.py:  report_trade : 103 : ----------------------------------------------------------------------------------------------------

2022-12-15 19:05:03,567 : DEBUG : triple_sma_cross_trader.py:  execute_trades : 83 : TrippleSMA_BNBUSDT_5m: execute_trades: OUT
2022-12-15 19:06:00,811 : DEBUG : triple_sma_cross_trader.py:  execute_trades : 58 : TrippleSMA_ETHUSDT_3m: execute_trades: IN
2022-12-15 19:06:00,812 : DEBUG : triple_sma_cross_trader.py:  execute_trades : 83 : TrippleSMA_ETHUSDT_3m: execute_trades: OUT
2022-12-15 19:09:02,163 : DEBUG : triple_sma_cross_trader.py:  execute_trades : 58 : TrippleSMA_ETHUSDT_3m: execute_trades: IN
2022-12-15 19:09:02,163 : DEBUG : triple_sma_cross_trader.py:  execute_trades : 83 : TrippleSMA_ETHUSDT_3m: execute_trades: OUT
2022-12-15 19:10:02,193 : DEBUG : triple_sma_cross_trader.py:  execute_trades : 58 : TrippleSMA_BNBUSDT_5m: execute_trades: IN
2022-12-15 19:10:02,194 : DEBUG : triple_sma_cross_trader.py:  execute_trades : 83 : TrippleSMA_BNBUSDT_5m: execute_trades: OUT
2022-12-15 19:12:00,609 : DEBUG : triple_sma_cross_trader.py:  execute_trades : 58 : TrippleSMA_ETHUSDT_3m: execute_trades: IN
2022-12-15 19:12:00,609 : DEBUG : triple_sma_cross_trader.py:  execute_trades : 83 : TrippleSMA_ETHUSDT_3m: execute_trades: OUT
2022-12-15 19:15:02,513 : DEBUG : triple_sma_cross_trader.py:  execute_trades : 58 : TrippleSMA_ETHUSDT_3m: execute_trades: IN
2022-12-15 19:15:02,514 : DEBUG : triple_sma_cross_trader.py:  execute_trades : 83 : TrippleSMA_ETHUSDT_3m: execute_trades: OUT
2022-12-15 19:15:02,553 : DEBUG : triple_sma_cross_trader.py:  execute_trades : 58 : TrippleSMA_BNBUSDT_5m: execute_trades: IN
2022-12-15 19:15:02,554 : DEBUG : triple_sma_cross_trader.py:  execute_trades : 83 : TrippleSMA_BNBUSDT_5m: execute_trades: OUT
2022-12-15 19:18:00,864 : DEBUG : triple_sma_cross_trader.py:  execute_trades : 58 : TrippleSMA_ETHUSDT_3m: execute_trades: IN
2022-12-15 19:18:00,865 : DEBUG : triple_sma_cross_trader.py:  execute_trades : 83 : TrippleSMA_ETHUSDT_3m: execute_trades: OUT
2022-12-15 19:25:13,853 : DEBUG : base_trader.py:  start_trading : 10 : TrippleSMA_BTCUSDT_1m: start_trading: IN
2022-12-15 19:25:14,752 : DEBUG : base_trader.py:  get_most_recent : 31 : TrippleSMA_BTCUSDT_1m: get_most_recent: IN
2022-12-15 19:25:15,606 : DEBUG : base_trader.py:  get_most_recent : 49 : TrippleSMA_BTCUSDT_1m: get_most_recent: OUT
2022-12-15 19:25:15,606 : DEBUG : base_trader.py:  start_trading : 19 : TrippleSMA_BTCUSDT_1m: start_trading: OUT
2022-12-15 19:25:15,607 : DEBUG : base_trader.py:  start_trading : 10 : TrippleSMA_ETHUSDT_3m: start_trading: IN
2022-12-15 19:25:15,920 : DEBUG : base_trader.py:  get_most_recent : 31 : TrippleSMA_ETHUSDT_3m: get_most_recent: IN
2022-12-15 19:25:16,587 : DEBUG : base_trader.py:  get_most_recent : 49 : TrippleSMA_ETHUSDT_3m: get_most_recent: OUT
2022-12-15 19:25:16,588 : DEBUG : base_trader.py:  start_trading : 19 : TrippleSMA_ETHUSDT_3m: start_trading: OUT
2022-12-15 19:25:16,588 : DEBUG : base_trader.py:  start_trading : 10 : TrippleSMA_BNBUSDT_5m: start_trading: IN
2022-12-15 19:25:16,909 : DEBUG : base_trader.py:  get_most_recent : 31 : TrippleSMA_BNBUSDT_5m: get_most_recent: IN
2022-12-15 19:25:17,596 : DEBUG : base_trader.py:  get_most_recent : 49 : TrippleSMA_BNBUSDT_5m: get_most_recent: OUT
2022-12-15 19:25:17,597 : DEBUG : base_trader.py:  start_trading : 19 : TrippleSMA_BNBUSDT_5m: start_trading: OUT
